<?xml version="1.0" encoding="UTF-8"?>
<!-- Generated by org.testng.reporters.JUnitXMLReporter -->
<testsuite hostname="dell-PC" ignored="0" name="Test1" tests="3" failures="0" timestamp="21 Feb 2018 05:01:43 GMT" time="0.023" errors="0">
  <testcase name="@BeforeMethod login" time="0.0" classname="wrappers.LoginLeaftaps">
    <failure type="org.testng.TestNGException" message="
Parameter &amp;apos;browser&amp;apos; is required by BeforeMethod on method login but has not been marked @Optional or defined
in C:\TestLeaf\LearnSelenium\testng.xml">
      <![CDATA[org.testng.TestNGException: 
Parameter 'browser' is required by BeforeMethod on method login but has not been marked @Optional or defined
in C:\TestLeaf\LearnSelenium\testng.xml
... Removed 25 stack frames]]>
    </failure>
  </testcase> <!-- @BeforeMethod login -->
  <testcase name="@AfterMethod cloaseApp" time="0.0" classname="wrappers.LoginLeaftaps">
    <skipped/>
  </testcase> <!-- @AfterMethod cloaseApp -->
  <testcase name="@BeforeMethod login" time="0.0" classname="wrappers.LoginLeaftaps">
    <skipped/>
  </testcase> <!-- @BeforeMethod login -->
  <testcase name="@AfterMethod cloaseApp" time="0.0" classname="wrappers.LoginLeaftaps">
    <skipped/>
  </testcase> <!-- @AfterMethod cloaseApp -->
  <testcase name="@BeforeMethod login" time="0.0" classname="wrappers.LoginLeaftaps">
    <skipped/>
  </testcase> <!-- @BeforeMethod login -->
  <testcase name="@AfterMethod cloaseApp" time="0.0" classname="wrappers.LoginLeaftaps">
    <skipped/>
  </testcase> <!-- @AfterMethod cloaseApp -->
  <testcase name="editLead" time="0.0" classname="tests.Findleads">
    <skipped/>
  </testcase> <!-- editLead -->
  <testcase name="editLead" time="0.0" classname="tests.EditLead">
    <skipped/>
  </testcase> <!-- editLead -->
  <testcase name="createLead" time="0.0" classname="tests.CreateLeads">
    <skipped/>
  </testcase> <!-- createLead -->
</testsuite> <!-- Test1 -->
